<?xml version="1.0" encoding="UTF-8" ?>
<testsuite failures="0" time="0.032" errors="0" skipped="0" tests="1" name="com.lynn.java.javaUnit.assertion.TestAssertEquals">
  <properties>
    <property name="java.runtime.name" value="Java(TM) SE Runtime Environment"/>
    <property name="sun.boot.library.path" value="c:\Program Files\Java\jdk1.6.0_30\jre\bin"/>
    <property name="java.vm.version" value="20.5-b03"/>
    <property name="java.vm.vendor" value="Sun Microsystems Inc."/>
    <property name="java.vendor.url" value="http://java.sun.com/"/>
    <property name="path.separator" value=";"/>
    <property name="java.vm.name" value="Java HotSpot(TM) Client VM"/>
    <property name="file.encoding.pkg" value="sun.io"/>
    <property name="user.country" value="US"/>
    <property name="sun.java.launcher" value="SUN_STANDARD"/>
    <property name="sun.os.patch.level" value="Service Pack 2"/>
    <property name="java.vm.specification.name" value="Java Virtual Machine Specification"/>
    <property name="user.dir" value="c:\Users\eligshn\JAVACodeRepository\javaUnit"/>
    <property name="java.runtime.version" value="1.6.0_30-b12"/>
    <property name="java.awt.graphicsenv" value="sun.awt.Win32GraphicsEnvironment"/>
    <property name="basedir" value="c:\Users\eligshn\JAVACodeRepository\javaUnit"/>
    <property name="java.endorsed.dirs" value="c:\Program Files\Java\jdk1.6.0_30\jre\lib\endorsed"/>
    <property name="os.arch" value="x86"/>
    <property name="surefire.real.class.path" value="C:\Users\eligshn\AppData\Local\Temp\surefirebooter4890229799926159149.jar"/>
    <property name="java.io.tmpdir" value="C:\Users\eligshn\AppData\Local\Temp\"/>
    <property name="line.separator" value="
"/>
    <property name="java.vm.specification.vendor" value="Sun Microsystems Inc."/>
    <property name="user.variant" value=""/>
    <property name="os.name" value="Windows Vista"/>
    <property name="sun.jnu.encoding" value="Cp1252"/>
    <property name="java.library.path" value="c:\Program Files\Java\jdk1.6.0_30\jre\bin;C:\Windows\Sun\Java\bin;C:\Windows\system32;C:\Windows;c:\Users\eligshn\bin;.;C:\Program Files\Git\local\bin;C:\Program Files\Git\mingw\bin;C:\Program Files\Git\bin;c:\Perl\site\bin;c:\Perl\bin;c:\oraclexe\app\oracle\product\10.2.0\server\BIN;c:\Windows\system32;c:\Windows;c:\Windows\System32\Wbem;c:\Program Files\WIDCOMM\Bluetooth Software\;c:\Program Files\Citrix\system32\;c:\Program Files\IBM\RationalSDLC\ClearCase\bin;c:\Program Files\IBM\RationalSDLC\common;c:\Program Files\Java\jdk1.6.0_30\bin;c:\Program Files\Java\jdk1.6.0_30\bin;c:\dve_env\servers\sunas-9.1_u2\bin;c:\dve_env\servers\sunas2\bin;c:\Ruby193\bin;c:\SEDenv\sw\maven\221\bin;c:\dve_env\servers\glassfish3\bin;c:\SEDenv\sw\maven\221\bin;c:\SEDenv\sw\jdk;.;."/>
    <property name="surefire.test.class.path" value="c:\Users\eligshn\JAVACodeRepository\javaUnit\target\test-classes;c:\Users\eligshn\JAVACodeRepository\javaUnit\target\classes;C:\Users\eligshn\.m2\repository\junit\junit\4.10\junit-4.10.jar;C:\Users\eligshn\.m2\repository\org\hamcrest\hamcrest-core\1.1\hamcrest-core-1.1.jar;C:\Users\eligshn\.m2\repository\org\mod4j\org\apache\commons\cli\1.0.0\cli-1.0.0.jar;C:\Users\eligshn\.m2\repository\org\mod4j\org\apache\commons\lang\2.1.0\lang-2.1.0.jar;C:\Users\eligshn\.m2\repository\org\mod4j\org\apache\commons\logging\1.0.4\logging-1.0.4.jar;"/>
    <property name="java.specification.name" value="Java Platform API Specification"/>
    <property name="java.class.version" value="50.0"/>
    <property name="sun.management.compiler" value="HotSpot Client Compiler"/>
    <property name="os.version" value="6.0"/>
    <property name="user.home" value="C:\Users\eligshn"/>
    <property name="user.timezone" value=""/>
    <property name="java.awt.printerjob" value="sun.awt.windows.WPrinterJob"/>
    <property name="java.specification.version" value="1.6"/>
    <property name="file.encoding" value="Cp1252"/>
    <property name="user.name" value="eligshn"/>
    <property name="java.class.path" value="c:\Users\eligshn\JAVACodeRepository\javaUnit\target\test-classes;c:\Users\eligshn\JAVACodeRepository\javaUnit\target\classes;C:\Users\eligshn\.m2\repository\junit\junit\4.10\junit-4.10.jar;C:\Users\eligshn\.m2\repository\org\hamcrest\hamcrest-core\1.1\hamcrest-core-1.1.jar;C:\Users\eligshn\.m2\repository\org\mod4j\org\apache\commons\cli\1.0.0\cli-1.0.0.jar;C:\Users\eligshn\.m2\repository\org\mod4j\org\apache\commons\lang\2.1.0\lang-2.1.0.jar;C:\Users\eligshn\.m2\repository\org\mod4j\org\apache\commons\logging\1.0.4\logging-1.0.4.jar;"/>
    <property name="java.vm.specification.version" value="1.0"/>
    <property name="sun.arch.data.model" value="32"/>
    <property name="java.home" value="c:\Program Files\Java\jdk1.6.0_30\jre"/>
    <property name="sun.java.command" value="C:\Users\eligshn\AppData\Local\Temp\surefirebooter4890229799926159149.jar C:\Users\eligshn\AppData\Local\Temp\surefire4391582344970761567tmp C:\Users\eligshn\AppData\Local\Temp\surefire3764989521638491816tmp"/>
    <property name="java.specification.vendor" value="Sun Microsystems Inc."/>
    <property name="user.language" value="en"/>
    <property name="awt.toolkit" value="sun.awt.windows.WToolkit"/>
    <property name="java.vm.info" value="mixed mode, sharing"/>
    <property name="java.version" value="1.6.0_30"/>
    <property name="java.ext.dirs" value="c:\Program Files\Java\jdk1.6.0_30\jre\lib\ext;C:\Windows\Sun\Java\lib\ext"/>
    <property name="sun.boot.class.path" value="c:\Program Files\Java\jdk1.6.0_30\jre\lib\resources.jar;c:\Program Files\Java\jdk1.6.0_30\jre\lib\rt.jar;c:\Program Files\Java\jdk1.6.0_30\jre\lib\sunrsasign.jar;c:\Program Files\Java\jdk1.6.0_30\jre\lib\jsse.jar;c:\Program Files\Java\jdk1.6.0_30\jre\lib\jce.jar;c:\Program Files\Java\jdk1.6.0_30\jre\lib\charsets.jar;c:\Program Files\Java\jdk1.6.0_30\jre\lib\modules\jdk.boot.jar;c:\Program Files\Java\jdk1.6.0_30\jre\classes"/>
    <property name="java.vendor" value="Sun Microsystems Inc."/>
    <property name="localRepository" value="C:\Users\eligshn\.m2\repository"/>
    <property name="file.separator" value="\"/>
    <property name="java.vendor.url.bug" value="http://java.sun.com/cgi-bin/bugreport.cgi"/>
    <property name="sun.cpu.endian" value="little"/>
    <property name="sun.io.unicode.encoding" value="UnicodeLittle"/>
    <property name="sun.desktop" value="windows"/>
    <property name="sun.cpu.isalist" value="pentium_pro+mmx pentium_pro pentium+mmx pentium i486 i386 i86"/>
  </properties>
  <testcase time="0.006" classname="com.lynn.java.javaUnit.assertion.TestAssertEquals" name="testAssertEqualsInt"/>
</testsuite>